<?xml version="1.0" encoding="UTF-8" ?>
<testsuite errors="0" failures="0" hostname="DESKTOP-6F37MS8" name="test.ITextvergleicherImplTest" skipped="0" tests="3" time="0.166" timestamp="2021-07-13T15:14:35">
  <properties>
[...]
</properties>
  <testcase classname="test.ITextvergleicherImplTest" name="test_vergleichZeichenmenge" time="0.123" />
  <testcase classname="test.ITextvergleicherImplTest" name="test_vergleichWortFuerWort" time="0.007" />
  <testcase classname="test.ITextvergleicherImplTest" name="test_getVergleichspaarungen" time="0.002" />
  <system-out><![CDATA[]]></system-out>
  <system-err><![CDATA[]]></system-err>
</testsuite>
