<?xml version="1.0" encoding="UTF-8" ?>
<testsuite errors="0" failures="0" hostname="DESKTOP-6F37MS8" name="test.IXMLVergleicherImplTest" skipped="0" tests="11" time="0.103" timestamp="2021-01-30T18:33:29">
  <properties>
[...]
</properties>
  <testcase classname="test.IXMLVergleicherImplTest" name="test_tagsOnly" time="0.025" />
  <testcase classname="test.IXMLVergleicherImplTest" name="test_parseFile_Validation_XSDinternal_successful" time="0.02" />
  <testcase classname="test.IXMLVergleicherImplTest" name="test_parseFile_NoValidation_Successful" time="0.0" />
  <testcase classname="test.IXMLVergleicherImplTest" name="test_parseFile_NoValidation_unsuccessful" time="0.002" />
  <testcase classname="test.IXMLVergleicherImplTest" name="test_parseFile_Validation_dtd_unsuccessful" time="0.002" />
  <testcase classname="test.IXMLVergleicherImplTest" name="test_parseFile_Validation_dtd_successful" time="0.002" />
  <testcase classname="test.IXMLVergleicherImplTest" name="test_sortElements" time="0.003" />
  <testcase classname="test.IXMLVergleicherImplTest" name="test_sortAttributes" time="0.001" />
  <testcase classname="test.IXMLVergleicherImplTest" name="test_deleteComments" time="0.001" />
  <testcase classname="test.IXMLVergleicherImplTest" name="test_parseFile_Validation_XSDinternal_unsuccessful" time="0.003" />
  <testcase classname="test.IXMLVergleicherImplTest" name="test_deleteAttributes" time="0.001" />
  <system-out><![CDATA[<?xml version="1.0" encoding="UTF-8"?>
<KUNDE>
	<KNR></KNR>
	
	<KNAME></KNAME>
	<BESTELLUNG>
		
		<BSTNR></BSTNR>
		<STATUS />
		<RSUM></RSUM>
		<BPOS>
			<MENGE></MENGE>
			<POSNR />
			<WERT></WERT>
			
			<ARTIKEL>
				<MGE></MGE>
				<PREIS></PREIS>
				<KUEHL></KUEHL>
				
				<ARTNR></ARTNR>
				<ARTBEZ></ARTBEZ>
			</ARTIKEL>
		</BPOS>
		
	</BESTELLUNG>
	<PLZ></PLZ>
	<WORT></WORT>
	<STRASSE></STRASSE>
</KUNDE>

<?xml version="1.0" encoding="UTF-8"?>
<KUNDE>
	<KNR></KNR>
	
	<KNAME></KNAME>
	<BESTELLUNG>
		
		<BSTNR></BSTNR>
		<STATUS />
		<RSUM></RSUM>
		<BPOS>
			<MENGE></MENGE>
			<POSNR />
			<WERT></WERT>
			
			<ARTIKEL>
				<MGE></MGE>
				<PREIS></PREIS>
				<KUEHL></KUEHL>
				
				<ARTNR></ARTNR>
				<ARTBEZ></ARTBEZ>
			</ARTIKEL>
		</BPOS>
		
	</BESTELLUNG>
	<PLZ></PLZ>
	<WORT></WORT>
	<STRASSE></STRASSE>
</KUNDE>

]]></system-out>
  <system-err><![CDATA[]]></system-err>
</testsuite>
